<?xml version="1.0" encoding="UTF-8"?>
<!-- Generated by org.testng.reporters.JUnitXMLReporter -->
<testsuite ignored="1" hostname="MONOLITH" failures="0" tests="1" name="Default test" time="0.039" errors="0" timestamp="2022-07-17T15:29:53 CDT">
  <testcase classname="Tests.WebDriverTests" name="canLaunchCorrectWebDriver" time="0.008"/>
  <testcase classname="Tests.WebDriverTests" name="readValuesFromConfigFile" time="0.0">
    <ignored/>
  </testcase> <!-- readValuesFromConfigFile -->
</testsuite> <!-- Default test -->
