<?xml version="1.0" encoding="UTF-8"?>
<testng-results ignored="1" total="2" passed="1" failed="0" skipped="0">
  <reporter-output>
  </reporter-output>
  <suite started-at="2022-07-17T15:29:53 CDT" name="Default suite" finished-at="2022-07-17T15:29:53 CDT" duration-ms="39">
    <groups>
    </groups>
    <test started-at="2022-07-17T15:29:53 CDT" name="Default test" finished-at="2022-07-17T15:29:53 CDT" duration-ms="39">
      <class name="Tests.WebDriverTests">
        <test-method signature="canLaunchCorrectWebDriver()[pri:0, instance:Tests.WebDriverTests@2525ff7e]" started-at="2022-07-17T15:29:53 CDT" name="canLaunchCorrectWebDriver" finished-at="2022-07-17T15:29:53 CDT" duration-ms="8" status="PASS">
          <reporter-output>
          </reporter-output>
        </test-method> <!-- canLaunchCorrectWebDriver -->
      </class> <!-- Tests.WebDriverTests -->
    </test> <!-- Default test -->
  </suite> <!-- Default suite -->
</testng-results>
